CRITICAL - 2023-11-02 04:12:29 --> Trying to access array offset on value of type null
in APPPATH\Views\landing.php on line 13.
 1 APPPATH\Views\landing.php(13): CodeIgniter\Debug\Exceptions->errorHandler(2, 'Trying to access array offset on value of type null', 'APPPATH\\Views\\landing.php', 13)
 2 SYSTEMPATH\View\View.php(213): include('APPPATH\\Views\\landing.php')
 3 SYSTEMPATH\View\View.php(216): CodeIgniter\View\View->CodeIgniter\View\{closure}()
 4 SYSTEMPATH\Common.php(1134): CodeIgniter\View\View->render('landing', [], true)
 5 APPPATH\Controllers\Root.php(19): view('landing')
 6 SYSTEMPATH\CodeIgniter.php(927): App\Controllers\Root->index()
 7 SYSTEMPATH\CodeIgniter.php(482): CodeIgniter\CodeIgniter->runController(Object(App\Controllers\Root))
 8 SYSTEMPATH\CodeIgniter.php(351): CodeIgniter\CodeIgniter->handleRequest(null, Object(Config\Cache), false)
 9 FCPATH\index.php(67): CodeIgniter\CodeIgniter->run()
10 SYSTEMPATH\Commands\Server\rewrite.php(46): require_once('FCPATH\\index.php')
CRITICAL - 2023-11-02 04:12:29 --> Uncaught ErrorException: file_get_contents(C:\xampp\htdocs\paudnipkl\app\Views\errors\html\debug.js): Failed to open stream: No such file or directory in C:\xampp\htdocs\paudnipkl\app\Views\errors\html\error_exception.php:14
Stack trace:
#0 [internal function]: CodeIgniter\Debug\Exceptions->errorHandler(2, 'file_get_conten...', 'C:\\xampp\\htdocs...', 14)
#1 C:\xampp\htdocs\paudnipkl\app\Views\errors\html\error_exception.php(14): file_get_contents('C:\\xampp\\htdocs...')
#2 C:\xampp\htdocs\paudnipkl\system\Debug\Exceptions.php(284): include('C:\\xampp\\htdocs...')
#3 C:\xampp\htdocs\paudnipkl\system\Debug\Exceptions.php(287): CodeIgniter\Debug\Exceptions->CodeIgniter\Debug\{closure}()
#4 C:\xampp\htdocs\paudnipkl\system\Debug\Exceptions.php(139): CodeIgniter\Debug\Exceptions->render(Object(ErrorException), 500)
#5 [internal function]: CodeIgniter\Debug\Exceptions->exceptionHandler(Object(ErrorException))
#6 {main}
  thrown
in APPPATH\Views\errors\html\error_exception.php on line 14.
 1 [internal function]: CodeIgniter\Debug\Exceptions->shutdownHandler()
CRITICAL - 2023-11-02 04:29:09 --> Trying to access array offset on value of type null
in APPPATH\Views\landing.php on line 13.
 1 APPPATH\Views\landing.php(13): CodeIgniter\Debug\Exceptions->errorHandler(2, 'Trying to access array offset on value of type null', 'APPPATH\\Views\\landing.php', 13)
 2 SYSTEMPATH\View\View.php(213): include('APPPATH\\Views\\landing.php')
 3 SYSTEMPATH\View\View.php(216): CodeIgniter\View\View->CodeIgniter\View\{closure}()
 4 SYSTEMPATH\Common.php(1134): CodeIgniter\View\View->render('landing', [], true)
 5 APPPATH\Controllers\Root.php(19): view('landing')
 6 SYSTEMPATH\CodeIgniter.php(927): App\Controllers\Root->index()
 7 SYSTEMPATH\CodeIgniter.php(482): CodeIgniter\CodeIgniter->runController(Object(App\Controllers\Root))
 8 SYSTEMPATH\CodeIgniter.php(351): CodeIgniter\CodeIgniter->handleRequest(null, Object(Config\Cache), false)
 9 FCPATH\index.php(67): CodeIgniter\CodeIgniter->run()
10 SYSTEMPATH\Commands\Server\rewrite.php(46): require_once('FCPATH\\index.php')
CRITICAL - 2023-11-02 04:29:09 --> Uncaught ErrorException: file_get_contents(C:\xampp\htdocs\paudnipkl\app\Views\errors\html\debug.js): Failed to open stream: No such file or directory in C:\xampp\htdocs\paudnipkl\app\Views\errors\html\error_exception.php:14
Stack trace:
#0 [internal function]: CodeIgniter\Debug\Exceptions->errorHandler(2, 'file_get_conten...', 'C:\\xampp\\htdocs...', 14)
#1 C:\xampp\htdocs\paudnipkl\app\Views\errors\html\error_exception.php(14): file_get_contents('C:\\xampp\\htdocs...')
#2 C:\xampp\htdocs\paudnipkl\system\Debug\Exceptions.php(284): include('C:\\xampp\\htdocs...')
#3 C:\xampp\htdocs\paudnipkl\system\Debug\Exceptions.php(287): CodeIgniter\Debug\Exceptions->CodeIgniter\Debug\{closure}()
#4 C:\xampp\htdocs\paudnipkl\system\Debug\Exceptions.php(139): CodeIgniter\Debug\Exceptions->render(Object(ErrorException), 500)
#5 [internal function]: CodeIgniter\Debug\Exceptions->exceptionHandler(Object(ErrorException))
#6 {main}
  thrown
in APPPATH\Views\errors\html\error_exception.php on line 14.
 1 [internal function]: CodeIgniter\Debug\Exceptions->shutdownHandler()
CRITICAL - 2023-11-02 04:29:10 --> Trying to access array offset on value of type null
in APPPATH\Views\landing.php on line 13.
 1 APPPATH\Views\landing.php(13): CodeIgniter\Debug\Exceptions->errorHandler(2, 'Trying to access array offset on value of type null', 'APPPATH\\Views\\landing.php', 13)
 2 SYSTEMPATH\View\View.php(213): include('APPPATH\\Views\\landing.php')
 3 SYSTEMPATH\View\View.php(216): CodeIgniter\View\View->CodeIgniter\View\{closure}()
 4 SYSTEMPATH\Common.php(1134): CodeIgniter\View\View->render('landing', [], true)
 5 APPPATH\Controllers\Root.php(19): view('landing')
 6 SYSTEMPATH\CodeIgniter.php(927): App\Controllers\Root->index()
 7 SYSTEMPATH\CodeIgniter.php(482): CodeIgniter\CodeIgniter->runController(Object(App\Controllers\Root))
 8 SYSTEMPATH\CodeIgniter.php(351): CodeIgniter\CodeIgniter->handleRequest(null, Object(Config\Cache), false)
 9 FCPATH\index.php(67): CodeIgniter\CodeIgniter->run()
10 SYSTEMPATH\Commands\Server\rewrite.php(46): require_once('FCPATH\\index.php')
CRITICAL - 2023-11-02 04:29:10 --> Uncaught ErrorException: file_get_contents(C:\xampp\htdocs\paudnipkl\app\Views\errors\html\debug.js): Failed to open stream: No such file or directory in C:\xampp\htdocs\paudnipkl\app\Views\errors\html\error_exception.php:14
Stack trace:
#0 [internal function]: CodeIgniter\Debug\Exceptions->errorHandler(2, 'file_get_conten...', 'C:\\xampp\\htdocs...', 14)
#1 C:\xampp\htdocs\paudnipkl\app\Views\errors\html\error_exception.php(14): file_get_contents('C:\\xampp\\htdocs...')
#2 C:\xampp\htdocs\paudnipkl\system\Debug\Exceptions.php(284): include('C:\\xampp\\htdocs...')
#3 C:\xampp\htdocs\paudnipkl\system\Debug\Exceptions.php(287): CodeIgniter\Debug\Exceptions->CodeIgniter\Debug\{closure}()
#4 C:\xampp\htdocs\paudnipkl\system\Debug\Exceptions.php(139): CodeIgniter\Debug\Exceptions->render(Object(ErrorException), 500)
#5 [internal function]: CodeIgniter\Debug\Exceptions->exceptionHandler(Object(ErrorException))
#6 {main}
  thrown
in APPPATH\Views\errors\html\error_exception.php on line 14.
 1 [internal function]: CodeIgniter\Debug\Exceptions->shutdownHandler()
CRITICAL - 2023-11-02 04:29:10 --> Trying to access array offset on value of type null
in APPPATH\Views\landing.php on line 13.
 1 APPPATH\Views\landing.php(13): CodeIgniter\Debug\Exceptions->errorHandler(2, 'Trying to access array offset on value of type null', 'APPPATH\\Views\\landing.php', 13)
 2 SYSTEMPATH\View\View.php(213): include('APPPATH\\Views\\landing.php')
 3 SYSTEMPATH\View\View.php(216): CodeIgniter\View\View->CodeIgniter\View\{closure}()
 4 SYSTEMPATH\Common.php(1134): CodeIgniter\View\View->render('landing', [], true)
 5 APPPATH\Controllers\Root.php(19): view('landing')
 6 SYSTEMPATH\CodeIgniter.php(927): App\Controllers\Root->index()
 7 SYSTEMPATH\CodeIgniter.php(482): CodeIgniter\CodeIgniter->runController(Object(App\Controllers\Root))
 8 SYSTEMPATH\CodeIgniter.php(351): CodeIgniter\CodeIgniter->handleRequest(null, Object(Config\Cache), false)
 9 FCPATH\index.php(67): CodeIgniter\CodeIgniter->run()
10 SYSTEMPATH\Commands\Server\rewrite.php(46): require_once('FCPATH\\index.php')
CRITICAL - 2023-11-02 04:29:10 --> Uncaught ErrorException: file_get_contents(C:\xampp\htdocs\paudnipkl\app\Views\errors\html\debug.js): Failed to open stream: No such file or directory in C:\xampp\htdocs\paudnipkl\app\Views\errors\html\error_exception.php:14
Stack trace:
#0 [internal function]: CodeIgniter\Debug\Exceptions->errorHandler(2, 'file_get_conten...', 'C:\\xampp\\htdocs...', 14)
#1 C:\xampp\htdocs\paudnipkl\app\Views\errors\html\error_exception.php(14): file_get_contents('C:\\xampp\\htdocs...')
#2 C:\xampp\htdocs\paudnipkl\system\Debug\Exceptions.php(284): include('C:\\xampp\\htdocs...')
#3 C:\xampp\htdocs\paudnipkl\system\Debug\Exceptions.php(287): CodeIgniter\Debug\Exceptions->CodeIgniter\Debug\{closure}()
#4 C:\xampp\htdocs\paudnipkl\system\Debug\Exceptions.php(139): CodeIgniter\Debug\Exceptions->render(Object(ErrorException), 500)
#5 [internal function]: CodeIgniter\Debug\Exceptions->exceptionHandler(Object(ErrorException))
#6 {main}
  thrown
in APPPATH\Views\errors\html\error_exception.php on line 14.
 1 [internal function]: CodeIgniter\Debug\Exceptions->shutdownHandler()
CRITICAL - 2023-11-02 04:29:10 --> Trying to access array offset on value of type null
in APPPATH\Views\landing.php on line 13.
 1 APPPATH\Views\landing.php(13): CodeIgniter\Debug\Exceptions->errorHandler(2, 'Trying to access array offset on value of type null', 'APPPATH\\Views\\landing.php', 13)
 2 SYSTEMPATH\View\View.php(213): include('APPPATH\\Views\\landing.php')
 3 SYSTEMPATH\View\View.php(216): CodeIgniter\View\View->CodeIgniter\View\{closure}()
 4 SYSTEMPATH\Common.php(1134): CodeIgniter\View\View->render('landing', [], true)
 5 APPPATH\Controllers\Root.php(19): view('landing')
 6 SYSTEMPATH\CodeIgniter.php(927): App\Controllers\Root->index()
 7 SYSTEMPATH\CodeIgniter.php(482): CodeIgniter\CodeIgniter->runController(Object(App\Controllers\Root))
 8 SYSTEMPATH\CodeIgniter.php(351): CodeIgniter\CodeIgniter->handleRequest(null, Object(Config\Cache), false)
 9 FCPATH\index.php(67): CodeIgniter\CodeIgniter->run()
10 SYSTEMPATH\Commands\Server\rewrite.php(46): require_once('FCPATH\\index.php')
CRITICAL - 2023-11-02 04:29:10 --> Uncaught ErrorException: file_get_contents(C:\xampp\htdocs\paudnipkl\app\Views\errors\html\debug.js): Failed to open stream: No such file or directory in C:\xampp\htdocs\paudnipkl\app\Views\errors\html\error_exception.php:14
Stack trace:
#0 [internal function]: CodeIgniter\Debug\Exceptions->errorHandler(2, 'file_get_conten...', 'C:\\xampp\\htdocs...', 14)
#1 C:\xampp\htdocs\paudnipkl\app\Views\errors\html\error_exception.php(14): file_get_contents('C:\\xampp\\htdocs...')
#2 C:\xampp\htdocs\paudnipkl\system\Debug\Exceptions.php(284): include('C:\\xampp\\htdocs...')
#3 C:\xampp\htdocs\paudnipkl\system\Debug\Exceptions.php(287): CodeIgniter\Debug\Exceptions->CodeIgniter\Debug\{closure}()
#4 C:\xampp\htdocs\paudnipkl\system\Debug\Exceptions.php(139): CodeIgniter\Debug\Exceptions->render(Object(ErrorException), 500)
#5 [internal function]: CodeIgniter\Debug\Exceptions->exceptionHandler(Object(ErrorException))
#6 {main}
  thrown
in APPPATH\Views\errors\html\error_exception.php on line 14.
 1 [internal function]: CodeIgniter\Debug\Exceptions->shutdownHandler()
CRITICAL - 2023-11-02 04:29:10 --> Trying to access array offset on value of type null
in APPPATH\Views\landing.php on line 13.
 1 APPPATH\Views\landing.php(13): CodeIgniter\Debug\Exceptions->errorHandler(2, 'Trying to access array offset on value of type null', 'APPPATH\\Views\\landing.php', 13)
 2 SYSTEMPATH\View\View.php(213): include('APPPATH\\Views\\landing.php')
 3 SYSTEMPATH\View\View.php(216): CodeIgniter\View\View->CodeIgniter\View\{closure}()
 4 SYSTEMPATH\Common.php(1134): CodeIgniter\View\View->render('landing', [], true)
 5 APPPATH\Controllers\Root.php(19): view('landing')
 6 SYSTEMPATH\CodeIgniter.php(927): App\Controllers\Root->index()
 7 SYSTEMPATH\CodeIgniter.php(482): CodeIgniter\CodeIgniter->runController(Object(App\Controllers\Root))
 8 SYSTEMPATH\CodeIgniter.php(351): CodeIgniter\CodeIgniter->handleRequest(null, Object(Config\Cache), false)
 9 FCPATH\index.php(67): CodeIgniter\CodeIgniter->run()
10 SYSTEMPATH\Commands\Server\rewrite.php(46): require_once('FCPATH\\index.php')
CRITICAL - 2023-11-02 04:29:10 --> Uncaught ErrorException: file_get_contents(C:\xampp\htdocs\paudnipkl\app\Views\errors\html\debug.js): Failed to open stream: No such file or directory in C:\xampp\htdocs\paudnipkl\app\Views\errors\html\error_exception.php:14
Stack trace:
#0 [internal function]: CodeIgniter\Debug\Exceptions->errorHandler(2, 'file_get_conten...', 'C:\\xampp\\htdocs...', 14)
#1 C:\xampp\htdocs\paudnipkl\app\Views\errors\html\error_exception.php(14): file_get_contents('C:\\xampp\\htdocs...')
#2 C:\xampp\htdocs\paudnipkl\system\Debug\Exceptions.php(284): include('C:\\xampp\\htdocs...')
#3 C:\xampp\htdocs\paudnipkl\system\Debug\Exceptions.php(287): CodeIgniter\Debug\Exceptions->CodeIgniter\Debug\{closure}()
#4 C:\xampp\htdocs\paudnipkl\system\Debug\Exceptions.php(139): CodeIgniter\Debug\Exceptions->render(Object(ErrorException), 500)
#5 [internal function]: CodeIgniter\Debug\Exceptions->exceptionHandler(Object(ErrorException))
#6 {main}
  thrown
in APPPATH\Views\errors\html\error_exception.php on line 14.
 1 [internal function]: CodeIgniter\Debug\Exceptions->shutdownHandler()
CRITICAL - 2023-11-02 04:29:14 --> Trying to access array offset on value of type null
in APPPATH\Views\landing.php on line 13.
 1 APPPATH\Views\landing.php(13): CodeIgniter\Debug\Exceptions->errorHandler(2, 'Trying to access array offset on value of type null', 'APPPATH\\Views\\landing.php', 13)
 2 SYSTEMPATH\View\View.php(213): include('APPPATH\\Views\\landing.php')
 3 SYSTEMPATH\View\View.php(216): CodeIgniter\View\View->CodeIgniter\View\{closure}()
 4 SYSTEMPATH\Common.php(1134): CodeIgniter\View\View->render('landing', [], true)
 5 APPPATH\Controllers\Root.php(19): view('landing')
 6 SYSTEMPATH\CodeIgniter.php(927): App\Controllers\Root->index()
 7 SYSTEMPATH\CodeIgniter.php(482): CodeIgniter\CodeIgniter->runController(Object(App\Controllers\Root))
 8 SYSTEMPATH\CodeIgniter.php(351): CodeIgniter\CodeIgniter->handleRequest(null, Object(Config\Cache), false)
 9 FCPATH\index.php(67): CodeIgniter\CodeIgniter->run()
10 SYSTEMPATH\Commands\Server\rewrite.php(46): require_once('FCPATH\\index.php')
CRITICAL - 2023-11-02 04:29:14 --> Uncaught ErrorException: file_get_contents(C:\xampp\htdocs\paudnipkl\app\Views\errors\html\debug.js): Failed to open stream: No such file or directory in C:\xampp\htdocs\paudnipkl\app\Views\errors\html\error_exception.php:14
Stack trace:
#0 [internal function]: CodeIgniter\Debug\Exceptions->errorHandler(2, 'file_get_conten...', 'C:\\xampp\\htdocs...', 14)
#1 C:\xampp\htdocs\paudnipkl\app\Views\errors\html\error_exception.php(14): file_get_contents('C:\\xampp\\htdocs...')
#2 C:\xampp\htdocs\paudnipkl\system\Debug\Exceptions.php(284): include('C:\\xampp\\htdocs...')
#3 C:\xampp\htdocs\paudnipkl\system\Debug\Exceptions.php(287): CodeIgniter\Debug\Exceptions->CodeIgniter\Debug\{closure}()
#4 C:\xampp\htdocs\paudnipkl\system\Debug\Exceptions.php(139): CodeIgniter\Debug\Exceptions->render(Object(ErrorException), 500)
#5 [internal function]: CodeIgniter\Debug\Exceptions->exceptionHandler(Object(ErrorException))
#6 {main}
  thrown
in APPPATH\Views\errors\html\error_exception.php on line 14.
 1 [internal function]: CodeIgniter\Debug\Exceptions->shutdownHandler()
CRITICAL - 2023-11-02 04:29:22 --> Trying to access array offset on value of type null
in APPPATH\Views\landing.php on line 13.
 1 APPPATH\Views\landing.php(13): CodeIgniter\Debug\Exceptions->errorHandler(2, 'Trying to access array offset on value of type null', 'APPPATH\\Views\\landing.php', 13)
 2 SYSTEMPATH\View\View.php(213): include('APPPATH\\Views\\landing.php')
 3 SYSTEMPATH\View\View.php(216): CodeIgniter\View\View->CodeIgniter\View\{closure}()
 4 SYSTEMPATH\Common.php(1134): CodeIgniter\View\View->render('landing', [], true)
 5 APPPATH\Controllers\Root.php(19): view('landing')
 6 SYSTEMPATH\CodeIgniter.php(927): App\Controllers\Root->index()
 7 SYSTEMPATH\CodeIgniter.php(482): CodeIgniter\CodeIgniter->runController(Object(App\Controllers\Root))
 8 SYSTEMPATH\CodeIgniter.php(351): CodeIgniter\CodeIgniter->handleRequest(null, Object(Config\Cache), false)
 9 FCPATH\index.php(67): CodeIgniter\CodeIgniter->run()
10 SYSTEMPATH\Commands\Server\rewrite.php(46): require_once('FCPATH\\index.php')
CRITICAL - 2023-11-02 04:29:22 --> Uncaught ErrorException: file_get_contents(C:\xampp\htdocs\paudnipkl\app\Views\errors\html\debug.js): Failed to open stream: No such file or directory in C:\xampp\htdocs\paudnipkl\app\Views\errors\html\error_exception.php:14
Stack trace:
#0 [internal function]: CodeIgniter\Debug\Exceptions->errorHandler(2, 'file_get_conten...', 'C:\\xampp\\htdocs...', 14)
#1 C:\xampp\htdocs\paudnipkl\app\Views\errors\html\error_exception.php(14): file_get_contents('C:\\xampp\\htdocs...')
#2 C:\xampp\htdocs\paudnipkl\system\Debug\Exceptions.php(284): include('C:\\xampp\\htdocs...')
#3 C:\xampp\htdocs\paudnipkl\system\Debug\Exceptions.php(287): CodeIgniter\Debug\Exceptions->CodeIgniter\Debug\{closure}()
#4 C:\xampp\htdocs\paudnipkl\system\Debug\Exceptions.php(139): CodeIgniter\Debug\Exceptions->render(Object(ErrorException), 500)
#5 [internal function]: CodeIgniter\Debug\Exceptions->exceptionHandler(Object(ErrorException))
#6 {main}
  thrown
in APPPATH\Views\errors\html\error_exception.php on line 14.
 1 [internal function]: CodeIgniter\Debug\Exceptions->shutdownHandler()
ERROR - 2023-11-02 04:45:43 --> mysqli_sql_exception: You have an error in your SQL syntax; check the manual that corresponds to your MariaDB server version for the right syntax to use near '' at line 1 in C:\xampp\htdocs\paudnipkl\system\Database\MySQLi\Connection.php:292
Stack trace:
#0 C:\xampp\htdocs\paudnipkl\system\Database\MySQLi\Connection.php(292): mysqli->query('select ', 0)
#1 C:\xampp\htdocs\paudnipkl\system\Database\BaseConnection.php(666): CodeIgniter\Database\MySQLi\Connection->execute('select ')
#2 C:\xampp\htdocs\paudnipkl\system\Database\BaseConnection.php(593): CodeIgniter\Database\BaseConnection->simpleQuery('select ')
#3 C:\xampp\htdocs\paudnipkl\app\Views\admin\landing.php(3): CodeIgniter\Database\BaseConnection->query('select ')
#4 C:\xampp\htdocs\paudnipkl\system\View\View.php(213): include('C:\\xampp\\htdocs...')
#5 C:\xampp\htdocs\paudnipkl\system\View\View.php(216): CodeIgniter\View\View->CodeIgniter\View\{closure}()
#6 C:\xampp\htdocs\paudnipkl\system\Common.php(1134): CodeIgniter\View\View->render('admin/landing', Array, true)
#7 C:\xampp\htdocs\paudnipkl\app\Controllers\Admin_root.php(12): view('admin/landing')
#8 C:\xampp\htdocs\paudnipkl\system\CodeIgniter.php(927): App\Controllers\Admin_root->index()
#9 C:\xampp\htdocs\paudnipkl\system\CodeIgniter.php(482): CodeIgniter\CodeIgniter->runController(Object(App\Controllers\Admin_root))
#10 C:\xampp\htdocs\paudnipkl\system\CodeIgniter.php(351): CodeIgniter\CodeIgniter->handleRequest(NULL, Object(Config\Cache), false)
#11 C:\xampp\htdocs\paudnipkl\public\index.php(67): CodeIgniter\CodeIgniter->run()
#12 C:\xampp\htdocs\paudnipkl\system\Commands\Server\rewrite.php(46): require_once('C:\\xampp\\htdocs...')
#13 {main}
ERROR - 2023-11-02 04:45:44 --> mysqli_sql_exception: You have an error in your SQL syntax; check the manual that corresponds to your MariaDB server version for the right syntax to use near '' at line 1 in C:\xampp\htdocs\paudnipkl\system\Database\MySQLi\Connection.php:292
Stack trace:
#0 C:\xampp\htdocs\paudnipkl\system\Database\MySQLi\Connection.php(292): mysqli->query('select ', 0)
#1 C:\xampp\htdocs\paudnipkl\system\Database\BaseConnection.php(666): CodeIgniter\Database\MySQLi\Connection->execute('select ')
#2 C:\xampp\htdocs\paudnipkl\system\Database\BaseConnection.php(593): CodeIgniter\Database\BaseConnection->simpleQuery('select ')
#3 C:\xampp\htdocs\paudnipkl\app\Views\admin\landing.php(3): CodeIgniter\Database\BaseConnection->query('select ')
#4 C:\xampp\htdocs\paudnipkl\system\View\View.php(213): include('C:\\xampp\\htdocs...')
#5 C:\xampp\htdocs\paudnipkl\system\View\View.php(216): CodeIgniter\View\View->CodeIgniter\View\{closure}()
#6 C:\xampp\htdocs\paudnipkl\system\Common.php(1134): CodeIgniter\View\View->render('admin/landing', Array, true)
#7 C:\xampp\htdocs\paudnipkl\app\Controllers\Admin_root.php(12): view('admin/landing')
#8 C:\xampp\htdocs\paudnipkl\system\CodeIgniter.php(927): App\Controllers\Admin_root->index()
#9 C:\xampp\htdocs\paudnipkl\system\CodeIgniter.php(482): CodeIgniter\CodeIgniter->runController(Object(App\Controllers\Admin_root))
#10 C:\xampp\htdocs\paudnipkl\system\CodeIgniter.php(351): CodeIgniter\CodeIgniter->handleRequest(NULL, Object(Config\Cache), false)
#11 C:\xampp\htdocs\paudnipkl\public\index.php(67): CodeIgniter\CodeIgniter->run()
#12 C:\xampp\htdocs\paudnipkl\system\Commands\Server\rewrite.php(46): require_once('C:\\xampp\\htdocs...')
#13 {main}
CRITICAL - 2023-11-02 05:13:15 --> Invalid file: korwilcam/landing.php
in SYSTEMPATH\Exceptions\FrameworkException.php on line 33.
 1 SYSTEMPATH\View\View.php(201): CodeIgniter\Exceptions\FrameworkException::forInvalidFile('korwilcam/landing.php')
 2 SYSTEMPATH\Common.php(1134): CodeIgniter\View\View->render('korwilcam/landing', [], true)
 3 APPPATH\Controllers\Korwilcam_root.php(12): view('korwilcam/landing')
 4 SYSTEMPATH\CodeIgniter.php(927): App\Controllers\Korwilcam_root->index()
 5 SYSTEMPATH\CodeIgniter.php(482): CodeIgniter\CodeIgniter->runController(Object(App\Controllers\Korwilcam_root))
 6 SYSTEMPATH\CodeIgniter.php(351): CodeIgniter\CodeIgniter->handleRequest(null, Object(Config\Cache), false)
 7 FCPATH\index.php(67): CodeIgniter\CodeIgniter->run()
 8 SYSTEMPATH\Commands\Server\rewrite.php(46): require_once('FCPATH\\index.php')
CRITICAL - 2023-11-02 05:13:15 --> Uncaught ErrorException: file_get_contents(C:\xampp\htdocs\paudnipkl\app\Views\errors\html\debug.js): Failed to open stream: No such file or directory in C:\xampp\htdocs\paudnipkl\app\Views\errors\html\error_exception.php:14
Stack trace:
#0 [internal function]: CodeIgniter\Debug\Exceptions->errorHandler(2, 'file_get_conten...', 'C:\\xampp\\htdocs...', 14)
#1 C:\xampp\htdocs\paudnipkl\app\Views\errors\html\error_exception.php(14): file_get_contents('C:\\xampp\\htdocs...')
#2 C:\xampp\htdocs\paudnipkl\system\Debug\Exceptions.php(284): include('C:\\xampp\\htdocs...')
#3 C:\xampp\htdocs\paudnipkl\system\Debug\Exceptions.php(287): CodeIgniter\Debug\Exceptions->CodeIgniter\Debug\{closure}()
#4 C:\xampp\htdocs\paudnipkl\system\Debug\Exceptions.php(139): CodeIgniter\Debug\Exceptions->render(Object(CodeIgniter\View\Exceptions\ViewException), 500)
#5 [internal function]: CodeIgniter\Debug\Exceptions->exceptionHandler(Object(CodeIgniter\View\Exceptions\ViewException))
#6 {main}
  thrown
in APPPATH\Views\errors\html\error_exception.php on line 14.
 1 [internal function]: CodeIgniter\Debug\Exceptions->shutdownHandler()
