CRITICAL - 2024-01-08 18:20:20 --> Class "Locale" not found
in SYSTEMPATH\CodeIgniter.php on line 186.
 1 FCPATH\index.php(55): CodeIgniter\CodeIgniter->initialize()
CRITICAL - 2024-01-08 18:20:20 --> Uncaught ErrorException: file_get_contents(C:\xampp\htdocs\konseling\app\Views\errors\html\debug.js): Failed to open stream: No such file or directory in C:\xampp\htdocs\konseling\app\Views\errors\html\error_exception.php:14
Stack trace:
#0 [internal function]: CodeIgniter\Debug\Exceptions->errorHandler(2, 'file_get_conten...', 'C:\\xampp\\htdocs...', 14)
#1 C:\xampp\htdocs\konseling\app\Views\errors\html\error_exception.php(14): file_get_contents('C:\\xampp\\htdocs...')
#2 C:\xampp\htdocs\konseling\system\Debug\Exceptions.php(284): include('C:\\xampp\\htdocs...')
#3 C:\xampp\htdocs\konseling\system\Debug\Exceptions.php(287): CodeIgniter\Debug\Exceptions->CodeIgniter\Debug\{closure}()
#4 C:\xampp\htdocs\konseling\system\Debug\Exceptions.php(139): CodeIgniter\Debug\Exceptions->render(Object(Error), 500)
#5 [internal function]: CodeIgniter\Debug\Exceptions->exceptionHandler(Object(Error))
#6 {main}
  thrown
in APPPATH\Views\errors\html\error_exception.php on line 14.
 1 [internal function]: CodeIgniter\Debug\Exceptions->shutdownHandler()
CRITICAL - 2024-01-08 18:20:32 --> Class "Locale" not found
in SYSTEMPATH\CodeIgniter.php on line 186.
 1 FCPATH\index.php(55): CodeIgniter\CodeIgniter->initialize()
CRITICAL - 2024-01-08 18:20:32 --> Uncaught ErrorException: file_get_contents(C:\xampp\htdocs\konseling\app\Views\errors\html\debug.js): Failed to open stream: No such file or directory in C:\xampp\htdocs\konseling\app\Views\errors\html\error_exception.php:14
Stack trace:
#0 [internal function]: CodeIgniter\Debug\Exceptions->errorHandler(2, 'file_get_conten...', 'C:\\xampp\\htdocs...', 14)
#1 C:\xampp\htdocs\konseling\app\Views\errors\html\error_exception.php(14): file_get_contents('C:\\xampp\\htdocs...')
#2 C:\xampp\htdocs\konseling\system\Debug\Exceptions.php(284): include('C:\\xampp\\htdocs...')
#3 C:\xampp\htdocs\konseling\system\Debug\Exceptions.php(287): CodeIgniter\Debug\Exceptions->CodeIgniter\Debug\{closure}()
#4 C:\xampp\htdocs\konseling\system\Debug\Exceptions.php(139): CodeIgniter\Debug\Exceptions->render(Object(Error), 500)
#5 [internal function]: CodeIgniter\Debug\Exceptions->exceptionHandler(Object(Error))
#6 {main}
  thrown
in APPPATH\Views\errors\html\error_exception.php on line 14.
 1 [internal function]: CodeIgniter\Debug\Exceptions->shutdownHandler()
CRITICAL - 2024-01-08 18:21:42 --> Class "Locale" not found
in SYSTEMPATH\CodeIgniter.php on line 186.
 1 FCPATH\index.php(55): CodeIgniter\CodeIgniter->initialize()
CRITICAL - 2024-01-08 18:21:42 --> Uncaught ErrorException: file_get_contents(C:\xampp\htdocs\konseling\app\Views\errors\html\debug.js): Failed to open stream: No such file or directory in C:\xampp\htdocs\konseling\app\Views\errors\html\error_exception.php:14
Stack trace:
#0 [internal function]: CodeIgniter\Debug\Exceptions->errorHandler(2, 'file_get_conten...', 'C:\\xampp\\htdocs...', 14)
#1 C:\xampp\htdocs\konseling\app\Views\errors\html\error_exception.php(14): file_get_contents('C:\\xampp\\htdocs...')
#2 C:\xampp\htdocs\konseling\system\Debug\Exceptions.php(284): include('C:\\xampp\\htdocs...')
#3 C:\xampp\htdocs\konseling\system\Debug\Exceptions.php(287): CodeIgniter\Debug\Exceptions->CodeIgniter\Debug\{closure}()
#4 C:\xampp\htdocs\konseling\system\Debug\Exceptions.php(139): CodeIgniter\Debug\Exceptions->render(Object(Error), 500)
#5 [internal function]: CodeIgniter\Debug\Exceptions->exceptionHandler(Object(Error))
#6 {main}
  thrown
in APPPATH\Views\errors\html\error_exception.php on line 14.
 1 [internal function]: CodeIgniter\Debug\Exceptions->shutdownHandler()
CRITICAL - 2024-01-08 18:21:44 --> Class "Locale" not found
in SYSTEMPATH\CodeIgniter.php on line 186.
 1 FCPATH\index.php(55): CodeIgniter\CodeIgniter->initialize()
CRITICAL - 2024-01-08 18:21:44 --> Uncaught ErrorException: file_get_contents(C:\xampp\htdocs\konseling\app\Views\errors\html\debug.js): Failed to open stream: No such file or directory in C:\xampp\htdocs\konseling\app\Views\errors\html\error_exception.php:14
Stack trace:
#0 [internal function]: CodeIgniter\Debug\Exceptions->errorHandler(2, 'file_get_conten...', 'C:\\xampp\\htdocs...', 14)
#1 C:\xampp\htdocs\konseling\app\Views\errors\html\error_exception.php(14): file_get_contents('C:\\xampp\\htdocs...')
#2 C:\xampp\htdocs\konseling\system\Debug\Exceptions.php(284): include('C:\\xampp\\htdocs...')
#3 C:\xampp\htdocs\konseling\system\Debug\Exceptions.php(287): CodeIgniter\Debug\Exceptions->CodeIgniter\Debug\{closure}()
#4 C:\xampp\htdocs\konseling\system\Debug\Exceptions.php(139): CodeIgniter\Debug\Exceptions->render(Object(Error), 500)
#5 [internal function]: CodeIgniter\Debug\Exceptions->exceptionHandler(Object(Error))
#6 {main}
  thrown
in APPPATH\Views\errors\html\error_exception.php on line 14.
 1 [internal function]: CodeIgniter\Debug\Exceptions->shutdownHandler()
CRITICAL - 2024-01-08 18:21:45 --> Class "Locale" not found
in SYSTEMPATH\CodeIgniter.php on line 186.
 1 FCPATH\index.php(55): CodeIgniter\CodeIgniter->initialize()
CRITICAL - 2024-01-08 18:21:45 --> Uncaught ErrorException: file_get_contents(C:\xampp\htdocs\konseling\app\Views\errors\html\debug.js): Failed to open stream: No such file or directory in C:\xampp\htdocs\konseling\app\Views\errors\html\error_exception.php:14
Stack trace:
#0 [internal function]: CodeIgniter\Debug\Exceptions->errorHandler(2, 'file_get_conten...', 'C:\\xampp\\htdocs...', 14)
#1 C:\xampp\htdocs\konseling\app\Views\errors\html\error_exception.php(14): file_get_contents('C:\\xampp\\htdocs...')
#2 C:\xampp\htdocs\konseling\system\Debug\Exceptions.php(284): include('C:\\xampp\\htdocs...')
#3 C:\xampp\htdocs\konseling\system\Debug\Exceptions.php(287): CodeIgniter\Debug\Exceptions->CodeIgniter\Debug\{closure}()
#4 C:\xampp\htdocs\konseling\system\Debug\Exceptions.php(139): CodeIgniter\Debug\Exceptions->render(Object(Error), 500)
#5 [internal function]: CodeIgniter\Debug\Exceptions->exceptionHandler(Object(Error))
#6 {main}
  thrown
in APPPATH\Views\errors\html\error_exception.php on line 14.
 1 [internal function]: CodeIgniter\Debug\Exceptions->shutdownHandler()
CRITICAL - 2024-01-08 18:21:45 --> Class "Locale" not found
in SYSTEMPATH\CodeIgniter.php on line 186.
 1 FCPATH\index.php(55): CodeIgniter\CodeIgniter->initialize()
CRITICAL - 2024-01-08 18:21:45 --> Uncaught ErrorException: file_get_contents(C:\xampp\htdocs\konseling\app\Views\errors\html\debug.js): Failed to open stream: No such file or directory in C:\xampp\htdocs\konseling\app\Views\errors\html\error_exception.php:14
Stack trace:
#0 [internal function]: CodeIgniter\Debug\Exceptions->errorHandler(2, 'file_get_conten...', 'C:\\xampp\\htdocs...', 14)
#1 C:\xampp\htdocs\konseling\app\Views\errors\html\error_exception.php(14): file_get_contents('C:\\xampp\\htdocs...')
#2 C:\xampp\htdocs\konseling\system\Debug\Exceptions.php(284): include('C:\\xampp\\htdocs...')
#3 C:\xampp\htdocs\konseling\system\Debug\Exceptions.php(287): CodeIgniter\Debug\Exceptions->CodeIgniter\Debug\{closure}()
#4 C:\xampp\htdocs\konseling\system\Debug\Exceptions.php(139): CodeIgniter\Debug\Exceptions->render(Object(Error), 500)
#5 [internal function]: CodeIgniter\Debug\Exceptions->exceptionHandler(Object(Error))
#6 {main}
  thrown
in APPPATH\Views\errors\html\error_exception.php on line 14.
 1 [internal function]: CodeIgniter\Debug\Exceptions->shutdownHandler()
